<?xml version="1.0" encoding="UTF-8"?>
<!-- Generated by org.testng.reporters.JUnitReportReporter -->
<testsuite hostname="Shrikantk-win8" name="com.demo.api.test.APITest" tests="1" failures="0" timestamp="27 Sep 2016 12:04:27 GMT" time="9.217" errors="0">
  <testcase name="test1" time="9.217" classname="com.demo.api.test.APITest"/>
</testsuite> <!-- com.demo.api.test.APITest -->
